<?xml version="1.0" encoding="UTF-8"?>
<coverage generated="1619068614007" clover="3.2.0">
  <project timestamp="1619068614007" name="All files">
    <metrics statements="8" coveredstatements="8" conditionals="3" coveredconditionals="3" methods="2" coveredmethods="2" elements="13" coveredelements="13" complexity="0" loc="8" ncloc="8" packages="1" files="1" classes="1"/>
    <file name="main.js" path="/Users/apco/Desktop/projects/red-tetris/backend/main.js">
      <metrics statements="8" coveredstatements="8" conditionals="3" coveredconditionals="3" methods="2" coveredmethods="2"/>
      <line num="1" count="1" type="cond" truecount="2" falsecount="0"/>
      <line num="2" count="1" type="stmt"/>
      <line num="3" count="1" type="stmt"/>
      <line num="4" count="1" type="cond" truecount="1" falsecount="0"/>
      <line num="5" count="1" type="stmt"/>
      <line num="6" count="1" type="stmt"/>
      <line num="7" count="1" type="stmt"/>
      <line num="8" count="1" type="stmt"/>
    </file>
  </project>
</coverage>
