TN:
SF:main.ts
FN:4,sum
FNF:1
FNH:1
FNDA:1,sum
DA:1,1
DA:2,1
DA:3,1
DA:4,1
DA:5,1
DA:6,1
DA:7,1
DA:8,1
LF:8
LH:8
BRDA:4,0,0,1
BRF:1
BRH:1
end_of_record
TN:
SF:src/Rooms.ts
FNF:0
FNH:0
DA:1,1
DA:2,1
DA:3,1
LF:3
LH:3
BRF:0
BRH:0
end_of_record
TN:
SF:src/gameHelper.ts
FNF:0
FNH:0
DA:1,1
DA:2,1
DA:3,1
DA:4,1
DA:5,1
DA:6,1
DA:7,1
DA:8,1
DA:9,1
DA:10,1
DA:11,1
DA:12,1
LF:12
LH:12
BRF:0
BRH:0
end_of_record
TN:
SF:src/tetrominos.ts
FN:80,getRandomtetro
FN:85,randomTetrominoArray
FNF:2
FNH:2
FNDA:1000,getRandomtetro
FNDA:1,randomTetrominoArray
DA:1,1
DA:2,1
DA:3,1
DA:4,1
DA:5,1
DA:6,1
DA:7,1
DA:8,1
DA:9,1
DA:10,1
DA:11,1
DA:12,1
DA:13,1
DA:14,1
DA:15,1
DA:16,1
DA:17,1
DA:18,1
DA:19,1
DA:20,1
DA:21,1
DA:22,1
DA:23,1
DA:24,1
DA:25,1
DA:26,1
DA:27,1
DA:28,1
DA:29,1
DA:30,1
DA:31,1
DA:32,1
DA:33,1
DA:34,1
DA:35,1
DA:36,1
DA:37,1
DA:38,1
DA:39,1
DA:40,1
DA:41,1
DA:42,1
DA:43,1
DA:44,1
DA:45,1
DA:46,1
DA:47,1
DA:48,1
DA:49,1
DA:50,1
DA:51,1
DA:52,1
DA:53,1
DA:54,1
DA:55,1
DA:56,1
DA:57,1
DA:58,1
DA:59,1
DA:60,1
DA:61,1
DA:62,1
DA:63,1
DA:64,1
DA:65,1
DA:66,1
DA:67,1
DA:68,1
DA:69,1
DA:70,1
DA:71,1
DA:72,1
DA:73,1
DA:74,1
DA:75,1
DA:76,1
DA:77,1
DA:78,1
DA:79,1
DA:80,1
DA:81,1000
DA:82,1000
DA:83,1000
DA:84,1
DA:85,1
DA:86,1
DA:87,1
DA:88,1
DA:89,1
DA:90,1
DA:91,1000
DA:92,1000
DA:93,1
DA:94,1
LF:94
LH:94
BRDA:80,0,0,1000
BRDA:85,1,0,1
BRDA:90,2,0,1000
BRF:3
BRH:3
end_of_record
TN:
SF:src/classes/Player.ts
FN:10,Player
FN:17,updatePlayerStatus
FNF:2
FNH:2
FNDA:3,Player
FNDA:1,updatePlayerStatus
DA:1,1
DA:2,1
DA:3,1
DA:4,1
DA:5,1
DA:6,1
DA:7,1
DA:8,1
DA:9,1
DA:10,1
DA:11,3
DA:12,3
DA:13,3
DA:14,3
DA:15,3
DA:16,1
DA:17,1
DA:18,1
DA:19,1
DA:20,1
DA:21,1
DA:22,1
LF:22
LH:22
BRDA:10,0,0,3
BRDA:17,1,0,1
BRF:2
BRH:2
end_of_record
TN:
SF:src/classes/Room.ts
FN:13,Room
FN:21,findPlayerById
FN:25,findPlayerByName
FN:37,removePlayerById
FN:41,addPlayer
FN:45,setPlayerStatus
FN:51,allPlayersReady
FN:63,gameStarted
FN:73,isGameOver
FN:88,getWinnerName
FNF:10
FNH:10
FNDA:1,Room
FNDA:1,findPlayerById
FNDA:2,findPlayerByName
FNDA:1,removePlayerById
FNDA:2,addPlayer
FNDA:5,setPlayerStatus
FNDA:2,allPlayersReady
FNDA:1,gameStarted
FNDA:2,isGameOver
FNDA:2,getWinnerName
DA:1,1
DA:2,1
DA:3,1
DA:4,1
DA:5,1
DA:6,1
DA:7,1
DA:8,1
DA:9,1
DA:10,1
DA:11,1
DA:12,1
DA:13,1
DA:14,1
DA:15,1
DA:16,1
DA:17,1
DA:18,1
DA:19,1
DA:20,1
DA:21,1
DA:22,1
DA:23,1
DA:24,1
DA:25,1
DA:26,2
DA:27,2
DA:28,2
DA:29,2
DA:30,3
DA:31,3
DA:32,2
DA:33,2
DA:34,1
DA:35,1
DA:36,1
DA:37,1
DA:38,1
DA:39,1
DA:40,1
DA:41,1
DA:42,2
DA:43,2
DA:44,1
DA:45,1
DA:46,5
DA:47,5
DA:48,4
DA:49,4
DA:50,1
DA:51,1
DA:52,2
DA:53,2
DA:54,2
DA:55,3
DA:56,3
DA:57,3
DA:58,2
DA:59,2
DA:60,1
DA:61,1
DA:62,1
DA:63,1
DA:64,1
DA:65,1
DA:66,1
DA:67,2
DA:68,2
DA:69,2
DA:70,2
DA:71,1
DA:72,1
DA:73,1
DA:74,2
DA:75,2
DA:76,2
DA:77,2
DA:78,4
DA:79,4
DA:80,1
DA:81,1
DA:82,4
DA:83,4
DA:84,2
DA:85,1
DA:86,2
DA:87,1
DA:88,1
DA:89,2
DA:90,2
DA:91,2
DA:92,4
DA:93,4
DA:94,4
DA:95,3
DA:96,3
DA:97,1
DA:98,1
DA:99,1
DA:100,1
DA:101,1
LF:101
LH:101
BRDA:13,0,0,1
BRDA:21,1,0,1
BRDA:25,2,0,2
BRDA:29,3,0,3
BRDA:31,4,0,0
BRDA:31,5,0,1
BRDA:32,6,0,2
BRDA:34,7,0,1
BRDA:37,8,0,1
BRDA:41,9,0,2
BRDA:45,10,0,5
BRDA:47,11,0,1
BRDA:48,12,0,4
BRDA:51,13,0,2
BRDA:54,14,0,3
BRDA:56,15,0,0
BRDA:56,16,0,1
BRDA:56,17,0,0
BRDA:57,18,0,1
BRDA:58,19,0,2
BRDA:60,20,0,1
BRDA:63,21,0,1
BRDA:66,22,0,2
BRDA:73,23,0,2
BRDA:77,24,0,4
BRDA:79,25,0,1
BRDA:84,26,0,1
BRDA:88,27,0,2
BRDA:91,28,0,4
BRDA:94,29,0,1
BRDA:95,30,0,3
BRDA:97,31,0,1
BRF:32
BRH:29
end_of_record
