{"/Users/apco/Desktop/projects/red-tetris/src/client/components/tetris.js": {"path":"/Users/apco/Desktop/projects/red-tetris/src/client/components/tetris.js","all":false,"statementMap":{"0":{"start":{"line":1,"column":0},"end":{"line":1,"column":39}},"1":{"start":{"line":2,"column":0},"end":{"line":2,"column":0}},"2":{"start":{"line":3,"column":0},"end":{"line":3,"column":29}},"3":{"start":{"line":4,"column":0},"end":{"line":4,"column":10}},"4":{"start":{"line":5,"column":0},"end":{"line":5,"column":35}},"5":{"start":{"line":6,"column":0},"end":{"line":6,"column":20}},"6":{"start":{"line":7,"column":0},"end":{"line":7,"column":10}},"7":{"start":{"line":8,"column":0},"end":{"line":8,"column":5}},"8":{"start":{"line":9,"column":0},"end":{"line":9,"column":3}},"9":{"start":{"line":10,"column":0},"end":{"line":10,"column":2}},"10":{"start":{"line":11,"column":0},"end":{"line":11,"column":30}},"11":{"start":{"line":12,"column":0},"end":{"line":12,"column":43}},"12":{"start":{"line":13,"column":0},"end":{"line":13,"column":10}},"13":{"start":{"line":14,"column":0},"end":{"line":14,"column":21}},"14":{"start":{"line":15,"column":0},"end":{"line":15,"column":46}},"15":{"start":{"line":16,"column":0},"end":{"line":16,"column":9}},"16":{"start":{"line":17,"column":0},"end":{"line":17,"column":3}},"17":{"start":{"line":18,"column":0},"end":{"line":18,"column":1}}},"s":{"0":1,"1":1,"2":1,"3":1,"4":1,"5":1,"6":1,"7":1,"8":1,"9":1,"10":1,"11":2,"12":2,"13":2,"14":2,"15":2,"16":2,"17":2},"branchMap":{"0":{"type":"branch","line":3,"loc":{"start":{"line":3,"column":22},"end":{"line":9,"column":3}},"locations":[{"start":{"line":3,"column":22},"end":{"line":9,"column":3}}]},"1":{"type":"branch","line":11,"loc":{"start":{"line":11,"column":23},"end":{"line":18,"column":1}},"locations":[{"start":{"line":11,"column":23},"end":{"line":18,"column":1}}]}},"b":{"0":[1],"1":[2]},"fnMap":{"0":{"name":"Tetris","decl":{"start":{"line":3,"column":22},"end":{"line":9,"column":3}},"loc":{"start":{"line":3,"column":22},"end":{"line":9,"column":3}},"line":3},"1":{"name":"Board","decl":{"start":{"line":11,"column":23},"end":{"line":18,"column":1}},"loc":{"start":{"line":11,"column":23},"end":{"line":18,"column":1}},"line":11}},"f":{"0":1,"1":2}}
}
