{"/home/mashar/Desktop/projects/red-tetris/src/client/components/tetris.js": {"path":"/home/mashar/Desktop/projects/red-tetris/src/client/components/tetris.js","all":false,"statementMap":{"0":{"start":{"line":1,"column":0},"end":{"line":1,"column":39}},"1":{"start":{"line":2,"column":0},"end":{"line":2,"column":0}},"2":{"start":{"line":3,"column":0},"end":{"line":3,"column":29}},"3":{"start":{"line":4,"column":0},"end":{"line":4,"column":10}},"4":{"start":{"line":5,"column":0},"end":{"line":5,"column":12}},"5":{"start":{"line":6,"column":0},"end":{"line":6,"column":5}},"6":{"start":{"line":7,"column":0},"end":{"line":7,"column":3}},"7":{"start":{"line":8,"column":0},"end":{"line":8,"column":2}},"8":{"start":{"line":9,"column":0},"end":{"line":9,"column":30}},"9":{"start":{"line":10,"column":0},"end":{"line":10,"column":43}},"10":{"start":{"line":11,"column":0},"end":{"line":11,"column":10}},"11":{"start":{"line":12,"column":0},"end":{"line":12,"column":21}},"12":{"start":{"line":13,"column":0},"end":{"line":13,"column":46}},"13":{"start":{"line":14,"column":0},"end":{"line":14,"column":9}},"14":{"start":{"line":15,"column":0},"end":{"line":15,"column":3}},"15":{"start":{"line":16,"column":0},"end":{"line":16,"column":1}}},"s":{"0":1,"1":1,"2":1,"3":0,"4":0,"5":0,"6":0,"7":1,"8":1,"9":2,"10":2,"11":2,"12":2,"13":2,"14":2,"15":2},"branchMap":{"0":{"type":"branch","line":9,"loc":{"start":{"line":9,"column":23},"end":{"line":16,"column":1}},"locations":[{"start":{"line":9,"column":23},"end":{"line":16,"column":1}}]}},"b":{"0":[2]},"fnMap":{"0":{"name":"Tetris","decl":{"start":{"line":3,"column":22},"end":{"line":7,"column":3}},"loc":{"start":{"line":3,"column":22},"end":{"line":7,"column":3}},"line":3},"1":{"name":"Board","decl":{"start":{"line":9,"column":23},"end":{"line":16,"column":1}},"loc":{"start":{"line":9,"column":23},"end":{"line":16,"column":1}},"line":9}},"f":{"0":0,"1":2}}
}
