TN:
SF:src/components/Buttons.tsx
FN:8,Buttons
FN:10,incrementCount
FN:13,decrementCount
FNF:3
FNH:3
FNDA:3,Buttons
FNDA:1,incrementCount
FNDA:1,decrementCount
DA:1,1
DA:2,1
DA:3,1
DA:4,1
DA:5,1
DA:6,1
DA:7,1
DA:8,1
DA:9,3
DA:10,3
DA:11,1
DA:12,1
DA:13,3
DA:14,1
DA:15,1
DA:16,3
DA:17,3
DA:18,3
DA:19,3
DA:20,3
DA:21,3
DA:22,3
LF:22
LH:22
BRDA:8,0,0,3
BRDA:10,1,0,1
BRDA:13,2,0,1
BRF:3
BRH:3
end_of_record
TN:
SF:src/components/Counter.tsx
FN:4,Counter
FNF:1
FNH:1
FNDA:3,Counter
DA:1,1
DA:2,1
DA:3,1
DA:4,1
DA:5,3
DA:6,3
DA:7,3
DA:8,3
DA:9,3
DA:10,3
DA:11,3
DA:12,3
DA:13,3
DA:14,3
LF:14
LH:14
BRDA:4,0,0,3
BRF:1
BRH:1
end_of_record
